<?xml version="1.0" encoding="UTF-8"?>
<!-- Generated by org.testng.reporters.JUnitReportReporter -->
<testsuite hostname="PGH-L63263FM" name="bddAssignment.TestClass2" tests="1" failures="0" timestamp="26 Jun 2019 22:41:07 GMT" time="17.470" errors="0">
  <testcase name="testAEO" time="17.470" classname="bddAssignment.TestClass2"/>
</testsuite> <!-- bddAssignment.TestClass2 -->
