<?xml version="1.0" encoding="UTF-8"?>
<!-- Generated by org.testng.reporters.JUnitReportReporter -->
<testsuite skipped="0" hostname="PGH-L63263FM" name="runners.TestRunner" tests="1" failures="0" timestamp="30 Jun 2019 15:16:08 GMT" time="108.689" errors="0">
  <testcase name="feature" time="108.689" classname="runners.TestRunner"/>
</testsuite> <!-- runners.TestRunner -->
